[debug] [2021-11-30T16:20:29.298Z] ----------------------------------------------------------------------
[debug] [2021-11-30T16:20:29.309Z] Command:       C:\Program Files\nodejs\node.exe C:\Users\JAHANARA KHATUN\AppData\Roaming\npm\node_modules\firebase-tools\lib\bin\firebase.js deploy
[debug] [2021-11-30T16:20:29.311Z] CLI Version:   9.23.0
[debug] [2021-11-30T16:20:29.312Z] Platform:      win32
[debug] [2021-11-30T16:20:29.312Z] Node Version:  v16.13.0
[debug] [2021-11-30T16:20:29.335Z] Time:          Tue Nov 30 2021 21:50:29 GMT+0530 (India Standard Time)
[debug] [2021-11-30T16:20:29.336Z] ----------------------------------------------------------------------
[debug] 
[debug] [2021-11-30T16:20:29.927Z] > command requires scopes: ["email","openid","https://www.googleapis.com/auth/cloudplatformprojects.readonly","https://www.googleapis.com/auth/firebase","https://www.googleapis.com/auth/cloud-platform"]
[debug] [2021-11-30T16:20:29.929Z] > authorizing via signed-in user (zarakhatun58@gmail.com)
[debug] [2021-11-30T16:20:29.930Z] [iam] checking project my-profile-ca6f2 for permissions ["firebase.projects.get","firebasehosting.sites.update"]
[debug] [2021-11-30T16:20:29.942Z] > refreshing access token with scopes: ["email","https://www.googleapis.com/auth/cloud-platform","https://www.googleapis.com/auth/cloudplatformprojects.readonly","https://www.googleapis.com/auth/firebase","openid"]
[debug] [2021-11-30T16:20:29.943Z] >>> HTTP REQUEST POST https://www.googleapis.com/oauth2/v3/token  
 <request body omitted>
[debug] [2021-11-30T16:20:35.332Z] <<< HTTP RESPONSE 200 {"expires":"Mon, 01 Jan 1990 00:00:00 GMT","cache-control":"no-cache, no-store, max-age=0, must-revalidate","date":"Tue, 30 Nov 2021 16:20:35 GMT","pragma":"no-cache","content-type":"application/json; charset=utf-8","vary":"X-Origin, Referer, Origin,Accept-Encoding","server":"scaffolding on HTTPServer2","x-xss-protection":"0","x-frame-options":"SAMEORIGIN","x-content-type-options":"nosniff","alt-svc":"h3=\":443\"; ma=2592000,h3-29=\":443\"; ma=2592000,h3-Q050=\":443\"; ma=2592000,h3-Q046=\":443\"; ma=2592000,h3-Q043=\":443\"; ma=2592000,quic=\":443\"; ma=2592000; v=\"46,43\"","accept-ranges":"none","transfer-encoding":"chunked"}
[debug] [2021-11-30T16:20:35.360Z] >>> HTTP REQUEST POST https://cloudresourcemanager.googleapis.com/v1/projects/my-profile-ca6f2:testIamPermissions  
 {"permissions":["firebase.projects.get","firebasehosting.sites.update"]}
[debug] [2021-11-30T16:20:46.994Z] [iam] error while checking permissions, command may fail: FirebaseError: Server Error. socket hang up
[debug] [2021-11-30T16:20:47.000Z] > refreshing access token with scopes: []
[debug] [2021-11-30T16:20:47.000Z] >>> HTTP REQUEST POST https://www.googleapis.com/oauth2/v3/token  
 <request body omitted>
[debug] [2021-11-30T16:20:57.352Z] Authentication Error: Your credentials are no longer valid. Please run firebase login --reauth

For CI servers and headless environments, generate a new token with firebase login:ci
[debug] [2021-11-30T16:21:08.877Z] FirebaseError: Authentication Error: Your credentials are no longer valid. Please run firebase login --reauth

For CI servers and headless environments, generate a new token with firebase login:ci
    at invalidCredentialError (C:\Users\JAHANARA KHATUN\AppData\Roaming\npm\node_modules\firebase-tools\lib\auth.js:141:12)
    at refreshTokens (C:\Users\JAHANARA KHATUN\AppData\Roaming\npm\node_modules\firebase-tools\lib\auth.js:448:15)
    at processTicksAndRejections (node:internal/process/task_queues:96:5)
    at async Client.getAccessToken (C:\Users\JAHANARA KHATUN\AppData\Roaming\npm\node_modules\firebase-tools\lib\apiv2.js:146:23)
    at async Client.addAuthHeader (C:\Users\JAHANARA KHATUN\AppData\Roaming\npm\node_modules\firebase-tools\lib\apiv2.js:137:21)
    at async Client.request (C:\Users\JAHANARA KHATUN\AppData\Roaming\npm\node_modules\firebase-tools\lib\apiv2.js:93:34)
    at async Object.getFirebaseProject (C:\Users\JAHANARA KHATUN\AppData\Roaming\npm\node_modules\firebase-tools\lib\management\projects.js:290:21)
    at async Object.getDefaultHostingSite (C:\Users\JAHANARA KHATUN\AppData\Roaming\npm\node_modules\firebase-tools\lib\getDefaultHostingSite.js:8:21)
    at async requireHostingSite (C:\Users\JAHANARA KHATUN\AppData\Roaming\npm\node_modules\firebase-tools\lib\requireHostingSite.js:9:18)
    at async Object.fn (C:\Users\JAHANARA KHATUN\AppData\Roaming\npm\node_modules\firebase-tools\lib\commands\deploy.js:73:9)
    at async C:\Users\JAHANARA KHATUN\AppData\Roaming\npm\node_modules\firebase-tools\lib\command.js:188:17
[error] 
[error] Error: Failed to get Firebase project my-profile-ca6f2. Please make sure the project exists and your account has permission to access it.
